<?xml version="1.0" encoding="UTF-8"?>
<!-- Generated by org.testng.reporters.JUnitXMLReporter -->
<testsuite hostname="ITCL0VRNR" ignored="2" name="Test" tests="1" failures="1" timestamp="24 Jan 2021 21:31:38 GMT" time="15.019" errors="0">
  <testcase name="Login_With_Invalid_Email" time="5.018" classname="POM_Design_Test_Cases.T_01_How_To_Locate_Elements">
    <failure type="java.lang.AssertionError" message="expected [Couldn�t find your Google Account] but found [Couldn’t find your Google Account]">
      <![CDATA[java.lang.AssertionError: expected [Couldn�t find your Google Account] but found [Couldn’t find your Google Account]
at POM_Design_Test_Cases.T_01_How_To_Locate_Elements.Login_With_Invalid_Email(T_01_How_To_Locate_Elements.java:68)
... Removed 31 stack frames]]>
    </failure>
  </testcase> <!-- Login_With_Invalid_Email -->
  <testcase name="Google_Search" time="0.0" classname="POM_Design_Test_Cases.T_01_How_To_Locate_Elements">
    <ignored/>
  </testcase> <!-- Google_Search -->
  <testcase name="Verify_Forgot_Email_URL" time="0.0" classname="POM_Design_Test_Cases.T_01_How_To_Locate_Elements">
    <ignored/>
  </testcase> <!-- Verify_Forgot_Email_URL -->
</testsuite> <!-- Test -->
